<?xml version="1.0" encoding="UTF-8"?>
<coverage generated="1583677697">
  <project timestamp="1583677697">
    <package name="Brunogab\InputHelper\Filters">
      <file name="C:\wamp64\www\github-public\inputhelper\src\Filters\BoolFilter.php">
        <class name="Brunogab\InputHelper\Filters\BoolFilter" namespace="Brunogab\InputHelper\Filters">
          <metrics complexity="1" methods="1" coveredmethods="1" conditionals="0" coveredconditionals="0" statements="1" coveredstatements="1" elements="2" coveredelements="2"/>
        </class>
        <line num="11" type="method" name="do" visibility="public" complexity="1" crap="1" count="1"/>
        <line num="13" type="stmt" count="1"/>
        <metrics loc="15" ncloc="11" classes="1" methods="1" coveredmethods="1" conditionals="0" coveredconditionals="0" statements="1" coveredstatements="1" elements="2" coveredelements="2"/>
      </file>
      <file name="C:\wamp64\www\github-public\inputhelper\src\Filters\FloatFilter.php">
        <class name="Brunogab\InputHelper\Filters\FloatFilter" namespace="Brunogab\InputHelper\Filters">
          <metrics complexity="1" methods="1" coveredmethods="1" conditionals="0" coveredconditionals="0" statements="2" coveredstatements="2" elements="3" coveredelements="3"/>
        </class>
        <line num="11" type="method" name="do" visibility="public" complexity="1" crap="1" count="1"/>
        <line num="13" type="stmt" count="1"/>
        <line num="14" type="stmt" count="1"/>
        <metrics loc="16" ncloc="12" classes="1" methods="1" coveredmethods="1" conditionals="0" coveredconditionals="0" statements="2" coveredstatements="2" elements="3" coveredelements="3"/>
      </file>
      <file name="C:\wamp64\www\github-public\inputhelper\src\Filters\IntFilter.php">
        <class name="Brunogab\InputHelper\Filters\IntFilter" namespace="Brunogab\InputHelper\Filters">
          <metrics complexity="1" methods="1" coveredmethods="1" conditionals="0" coveredconditionals="0" statements="2" coveredstatements="2" elements="3" coveredelements="3"/>
        </class>
        <line num="11" type="method" name="do" visibility="public" complexity="1" crap="1" count="3"/>
        <line num="13" type="stmt" count="3"/>
        <line num="14" type="stmt" count="3"/>
        <metrics loc="16" ncloc="12" classes="1" methods="1" coveredmethods="1" conditionals="0" coveredconditionals="0" statements="2" coveredstatements="2" elements="3" coveredelements="3"/>
      </file>
      <file name="C:\wamp64\www\github-public\inputhelper\src\Filters\LowerFilter.php">
        <class name="Brunogab\InputHelper\Filters\LowerFilter" namespace="Brunogab\InputHelper\Filters">
          <metrics complexity="2" methods="1" coveredmethods="1" conditionals="0" coveredconditionals="0" statements="1" coveredstatements="1" elements="2" coveredelements="2"/>
        </class>
        <line num="11" type="method" name="do" visibility="public" complexity="2" crap="2" count="2"/>
        <line num="13" type="stmt" count="2"/>
        <metrics loc="15" ncloc="11" classes="1" methods="1" coveredmethods="1" conditionals="0" coveredconditionals="0" statements="1" coveredstatements="1" elements="2" coveredelements="2"/>
      </file>
      <file name="C:\wamp64\www\github-public\inputhelper\src\Filters\StringFilter.php">
        <class name="Brunogab\InputHelper\Filters\StringFilter" namespace="Brunogab\InputHelper\Filters">
          <metrics complexity="1" methods="1" coveredmethods="1" conditionals="0" coveredconditionals="0" statements="1" coveredstatements="1" elements="2" coveredelements="2"/>
        </class>
        <line num="11" type="method" name="do" visibility="public" complexity="1" crap="1" count="2"/>
        <line num="16" type="stmt" count="2"/>
        <metrics loc="18" ncloc="10" classes="1" methods="1" coveredmethods="1" conditionals="0" coveredconditionals="0" statements="1" coveredstatements="1" elements="2" coveredelements="2"/>
      </file>
      <file name="C:\wamp64\www\github-public\inputhelper\src\Filters\TrimFilter.php">
        <class name="Brunogab\InputHelper\Filters\TrimFilter" namespace="Brunogab\InputHelper\Filters">
          <metrics complexity="1" methods="1" coveredmethods="1" conditionals="0" coveredconditionals="0" statements="1" coveredstatements="1" elements="2" coveredelements="2"/>
        </class>
        <line num="11" type="method" name="do" visibility="public" complexity="1" crap="1" count="6"/>
        <line num="14" type="stmt" count="6"/>
        <metrics loc="16" ncloc="10" classes="1" methods="1" coveredmethods="1" conditionals="0" coveredconditionals="0" statements="1" coveredstatements="1" elements="2" coveredelements="2"/>
      </file>
      <file name="C:\wamp64\www\github-public\inputhelper\src\Filters\UpperFilter.php">
        <class name="Brunogab\InputHelper\Filters\UpperFilter" namespace="Brunogab\InputHelper\Filters">
          <metrics complexity="2" methods="1" coveredmethods="1" conditionals="0" coveredconditionals="0" statements="1" coveredstatements="1" elements="2" coveredelements="2"/>
        </class>
        <line num="11" type="method" name="do" visibility="public" complexity="2" crap="2" count="2"/>
        <line num="13" type="stmt" count="2"/>
        <metrics loc="15" ncloc="11" classes="1" methods="1" coveredmethods="1" conditionals="0" coveredconditionals="0" statements="1" coveredstatements="1" elements="2" coveredelements="2"/>
      </file>
    </package>
    <package name="Brunogab\InputHelper">
      <file name="C:\wamp64\www\github-public\inputhelper\src\InputHelper.php">
        <class name="Brunogab\InputHelper\InputHelper" namespace="Brunogab\InputHelper">
          <metrics complexity="23" methods="6" coveredmethods="6" conditionals="0" coveredconditionals="0" statements="45" coveredstatements="45" elements="51" coveredelements="51"/>
        </class>
        <line num="14" type="method" name="__construct" visibility="public" complexity="1" crap="1" count="10"/>
        <line num="16" type="stmt" count="10"/>
        <line num="36" type="method" name="run" visibility="public" complexity="10" crap="10" count="10"/>
        <line num="38" type="stmt" count="10"/>
        <line num="39" type="stmt" count="10"/>
        <line num="41" type="stmt" count="10"/>
        <line num="42" type="stmt" count="1"/>
        <line num="43" type="stmt" count="1"/>
        <line num="47" type="stmt" count="10"/>
        <line num="49" type="stmt" count="10"/>
        <line num="50" type="stmt" count="1"/>
        <line num="51" type="stmt" count="9"/>
        <line num="52" type="stmt" count="3"/>
        <line num="56" type="stmt" count="10"/>
        <line num="57" type="stmt" count="10"/>
        <line num="58" type="stmt" count="8"/>
        <line num="62" type="stmt" count="10"/>
        <line num="64" type="stmt" count="10"/>
        <line num="65" type="stmt" count="2"/>
        <line num="68" type="stmt" count="9"/>
        <line num="70" type="stmt" count="9"/>
        <line num="71" type="stmt" count="9"/>
        <line num="74" type="stmt" count="1"/>
        <line num="75" type="stmt" count="1"/>
        <line num="82" type="stmt" count="10"/>
        <line num="84" type="stmt" count="10"/>
        <line num="93" type="method" name="isClosure" visibility="protected" complexity="1" crap="1" count="10"/>
        <line num="95" type="stmt" count="10"/>
        <line num="104" type="method" name="createClassName" visibility="protected" complexity="1" crap="1" count="9"/>
        <line num="106" type="stmt" count="9"/>
        <line num="116" type="method" name="getKeys" visibility="private" complexity="5" crap="5" count="10"/>
        <line num="118" type="stmt" count="10"/>
        <line num="119" type="stmt" count="10"/>
        <line num="120" type="stmt" count="2"/>
        <line num="121" type="stmt" count="1"/>
        <line num="124" type="stmt" count="2"/>
        <line num="125" type="stmt" count="2"/>
        <line num="126" type="stmt" count="2"/>
        <line num="130" type="stmt" count="2"/>
        <line num="133" type="stmt" count="10"/>
        <line num="142" type="method" name="calculateType" visibility="public" complexity="5" crap="5" count="4"/>
        <line num="144" type="stmt" count="4"/>
        <line num="146" type="stmt" count="4"/>
        <line num="147" type="stmt" count="1"/>
        <line num="148" type="stmt" count="4"/>
        <line num="149" type="stmt" count="3"/>
        <line num="150" type="stmt" count="3"/>
        <line num="151" type="stmt" count="1"/>
        <line num="152" type="stmt" count="2"/>
        <line num="153" type="stmt" count="2"/>
        <line num="155" type="stmt" count="4"/>
        <metrics loc="157" ncloc="95" classes="1" methods="6" coveredmethods="6" conditionals="0" coveredconditionals="0" statements="45" coveredstatements="45" elements="51" coveredelements="51"/>
      </file>
    </package>
    <metrics files="8" loc="268" ncloc="172" classes="8" methods="13" coveredmethods="13" conditionals="0" coveredconditionals="0" statements="54" coveredstatements="54" elements="67" coveredelements="67"/>
  </project>
</coverage>
